c:\users\gogo2\tarc\dspc\dwtsvd_watermarking\dwtsvd_watermarking\dwtsvd_watermarking\x64\release\vc143.pdb
c:\users\gogo2\tarc\dspc\dwtsvd_watermarking\dwtsvd_watermarking\dwtsvd_watermarking\x64\release\runner.obj
c:\users\gogo2\tarc\dspc\dwtsvd_watermarking\dwtsvd_watermarking\dwtsvd_watermarking\x64\release\sequential.obj
c:\users\gogo2\tarc\dspc\dwtsvd_watermarking\dwtsvd_watermarking\dwtsvd_watermarking\x64\release\omp.obj
c:\users\gogo2\tarc\dspc\dwtsvd_watermarking\dwtsvd_watermarking\dwtsvd_watermarking\x64\release\cuda.obj
c:\users\gogo2\tarc\dspc\dwtsvd_watermarking\dwtsvd_watermarking\dwtsvd_watermarking\x64\release\cuda_embed.cu.obj
c:\users\gogo2\tarc\dspc\dwtsvd_watermarking\dwtsvd_watermarking\x64\release\dwtsvd_watermarking.exe
c:\users\gogo2\tarc\dspc\dwtsvd_watermarking\dwtsvd_watermarking\x64\release\dwtsvd_watermarking.pdb
c:\users\gogo2\tarc\dspc\dwtsvd_watermarking\dwtsvd_watermarking\dwtsvd_watermarking\x64\release\dwtsvd_watermarking.ipdb
c:\users\gogo2\tarc\dspc\dwtsvd_watermarking\dwtsvd_watermarking\dwtsvd_watermarking\x64\release\dwtsvd_watermarking.iobj
c:\users\gogo2\tarc\dspc\dwtsvd_watermarking\dwtsvd_watermarking\dwtsvd_watermarking\x64\release\cuda_embed.cu.cache
c:\users\gogo2\tarc\dspc\dwtsvd_watermarking\dwtsvd_watermarking\dwtsvd_watermarking\x64\release\dwtsvd_w.001a5fac.tlog\cl.command.1.tlog
c:\users\gogo2\tarc\dspc\dwtsvd_watermarking\dwtsvd_watermarking\dwtsvd_watermarking\x64\release\dwtsvd_w.001a5fac.tlog\cl.items.tlog
c:\users\gogo2\tarc\dspc\dwtsvd_watermarking\dwtsvd_watermarking\dwtsvd_watermarking\x64\release\dwtsvd_w.001a5fac.tlog\cl.read.1.tlog
c:\users\gogo2\tarc\dspc\dwtsvd_watermarking\dwtsvd_watermarking\dwtsvd_watermarking\x64\release\dwtsvd_w.001a5fac.tlog\cl.write.1.tlog
c:\users\gogo2\tarc\dspc\dwtsvd_watermarking\dwtsvd_watermarking\dwtsvd_watermarking\x64\release\dwtsvd_w.001a5fac.tlog\cudacompile.read.1u.tlog
c:\users\gogo2\tarc\dspc\dwtsvd_watermarking\dwtsvd_watermarking\dwtsvd_watermarking\x64\release\dwtsvd_w.001a5fac.tlog\cudacompile.write.1u.tlog
c:\users\gogo2\tarc\dspc\dwtsvd_watermarking\dwtsvd_watermarking\dwtsvd_watermarking\x64\release\dwtsvd_w.001a5fac.tlog\link.command.1.tlog
c:\users\gogo2\tarc\dspc\dwtsvd_watermarking\dwtsvd_watermarking\dwtsvd_watermarking\x64\release\dwtsvd_w.001a5fac.tlog\link.read.1.tlog
c:\users\gogo2\tarc\dspc\dwtsvd_watermarking\dwtsvd_watermarking\dwtsvd_watermarking\x64\release\dwtsvd_w.001a5fac.tlog\link.secondary.1.tlog
c:\users\gogo2\tarc\dspc\dwtsvd_watermarking\dwtsvd_watermarking\dwtsvd_watermarking\x64\release\dwtsvd_w.001a5fac.tlog\link.write.1.tlog
