c:\users\gogo2\tarc\dspc\dwtsvd_watermarking\dwtsvd_watermarking\dwtsvd_watermarking\x64\debug\vc143.pdb
c:\users\gogo2\tarc\dspc\dwtsvd_watermarking\dwtsvd_watermarking\dwtsvd_watermarking\x64\debug\vc143.idb
c:\users\gogo2\tarc\dspc\dwtsvd_watermarking\dwtsvd_watermarking\dwtsvd_watermarking\x64\debug\runner.obj
c:\users\gogo2\tarc\dspc\dwtsvd_watermarking\dwtsvd_watermarking\dwtsvd_watermarking\x64\debug\dwtsvd_watermarking.obj
c:\users\gogo2\tarc\dspc\dwtsvd_watermarking\dwtsvd_watermarking\dwtsvd_watermarking\x64\debug\dwtsvd_watermarking.ilk
c:\users\gogo2\tarc\dspc\dwtsvd_watermarking\dwtsvd_watermarking\x64\debug\dwtsvd_watermarking.pdb
c:\users\gogo2\tarc\dspc\dwtsvd_watermarking\dwtsvd_watermarking\dwtsvd_watermarking\x64\debug\dwtsvd_w.001a5fac.tlog\cl.command.1.tlog
c:\users\gogo2\tarc\dspc\dwtsvd_watermarking\dwtsvd_watermarking\dwtsvd_watermarking\x64\debug\dwtsvd_w.001a5fac.tlog\cl.items.tlog
c:\users\gogo2\tarc\dspc\dwtsvd_watermarking\dwtsvd_watermarking\dwtsvd_watermarking\x64\debug\dwtsvd_w.001a5fac.tlog\cl.read.1.tlog
c:\users\gogo2\tarc\dspc\dwtsvd_watermarking\dwtsvd_watermarking\dwtsvd_watermarking\x64\debug\dwtsvd_w.001a5fac.tlog\cl.write.1.tlog
c:\users\gogo2\tarc\dspc\dwtsvd_watermarking\dwtsvd_watermarking\dwtsvd_watermarking\x64\debug\dwtsvd_w.001a5fac.tlog\link.4768-cvtres.read.1.tlog
c:\users\gogo2\tarc\dspc\dwtsvd_watermarking\dwtsvd_watermarking\dwtsvd_watermarking\x64\debug\dwtsvd_w.001a5fac.tlog\link.4768-cvtres.write.1.tlog
c:\users\gogo2\tarc\dspc\dwtsvd_watermarking\dwtsvd_watermarking\dwtsvd_watermarking\x64\debug\dwtsvd_w.001a5fac.tlog\link.4768-rc.read.1.tlog
c:\users\gogo2\tarc\dspc\dwtsvd_watermarking\dwtsvd_watermarking\dwtsvd_watermarking\x64\debug\dwtsvd_w.001a5fac.tlog\link.4768-rc.write.1.tlog
c:\users\gogo2\tarc\dspc\dwtsvd_watermarking\dwtsvd_watermarking\dwtsvd_watermarking\x64\debug\dwtsvd_w.001a5fac.tlog\link.4768.read.1.tlog
c:\users\gogo2\tarc\dspc\dwtsvd_watermarking\dwtsvd_watermarking\dwtsvd_watermarking\x64\debug\dwtsvd_w.001a5fac.tlog\link.4768.read.2.tlog
c:\users\gogo2\tarc\dspc\dwtsvd_watermarking\dwtsvd_watermarking\dwtsvd_watermarking\x64\debug\dwtsvd_w.001a5fac.tlog\link.4768.write.1.tlog
c:\users\gogo2\tarc\dspc\dwtsvd_watermarking\dwtsvd_watermarking\dwtsvd_watermarking\x64\debug\dwtsvd_w.001a5fac.tlog\link.command.1.tlog
c:\users\gogo2\tarc\dspc\dwtsvd_watermarking\dwtsvd_watermarking\dwtsvd_watermarking\x64\debug\dwtsvd_w.001a5fac.tlog\link.read.1.tlog
c:\users\gogo2\tarc\dspc\dwtsvd_watermarking\dwtsvd_watermarking\dwtsvd_watermarking\x64\debug\dwtsvd_w.001a5fac.tlog\link.secondary.1.tlog
c:\users\gogo2\tarc\dspc\dwtsvd_watermarking\dwtsvd_watermarking\dwtsvd_watermarking\x64\debug\dwtsvd_w.001a5fac.tlog\link.write.1.tlog
